<?xml version="1.0" encoding="UTF-8"?>
<testsuite name="com.ssafying.domain.crew.CrewServiceTest" tests="1" skipped="0" failures="0" errors="0" timestamp="2024-01-29T07:03:07" hostname="DESKTOP-LL7FDJ6" time="0.705">
  <properties/>
  <testcase name="게시글등록()" classname="com.ssafying.domain.crew.CrewServiceTest" time="0.705"/>
  <system-out><![CDATA[16:03:01.766 [Test worker] INFO org.springframework.test.context.support.AnnotationConfigContextLoaderUtils -- Could not detect default configuration classes for test class [com.ssafying.domain.crew.CrewServiceTest]: CrewServiceTest does not declare any static, non-private, non-final, nested classes annotated with @Configuration.
16:03:01.906 [Test worker] INFO org.springframework.boot.test.context.SpringBootTestContextBootstrapper -- Found @SpringBootConfiguration com.ssafying.SsafyingApplication for test class com.ssafying.domain.crew.CrewServiceTest

  .   ____          _            __ _ _
 /\\ / ___'_ __ _ _(_)_ __  __ _ \ \ \ \
( ( )\___ | '_ | '_| | '_ \/ _` | \ \ \ \
 \\/  ___)| |_)| | | | | || (_| |  ) ) ) )
  '  |____| .__|_| |_|_| |_\__, | / / / /
 =========|_|==============|___/=/_/_/_/
 :: Spring Boot ::                (v3.2.1)

2024-01-29T16:03:02.323+09:00  INFO 22608 --- [    Test worker] c.ssafying.domain.crew.CrewServiceTest   : Starting CrewServiceTest using Java 17.0.9 with PID 22608 (started by SSAFY in C:\Users\SSAFY\Desktop\S10P12B210\ssafying-be)
2024-01-29T16:03:02.324+09:00  INFO 22608 --- [    Test worker] c.ssafying.domain.crew.CrewServiceTest   : No active profile set, falling back to 1 default profile: "default"
2024-01-29T16:03:03.203+09:00  INFO 22608 --- [    Test worker] .s.d.r.c.RepositoryConfigurationDelegate : Bootstrapping Spring Data JPA repositories in DEFAULT mode.
2024-01-29T16:03:03.269+09:00  INFO 22608 --- [    Test worker] .s.d.r.c.RepositoryConfigurationDelegate : Finished Spring Data repository scanning in 57 ms. Found 3 JPA repository interfaces.
2024-01-29T16:03:03.796+09:00  INFO 22608 --- [    Test worker] com.zaxxer.hikari.HikariDataSource       : HikariPool-1 - Starting...
2024-01-29T16:03:03.976+09:00  INFO 22608 --- [    Test worker] com.zaxxer.hikari.pool.HikariPool        : HikariPool-1 - Added connection com.mysql.cj.jdbc.ConnectionImpl@cfd5cd2
2024-01-29T16:03:03.978+09:00  INFO 22608 --- [    Test worker] com.zaxxer.hikari.HikariDataSource       : HikariPool-1 - Start completed.
2024-01-29T16:03:04.017+09:00  INFO 22608 --- [    Test worker] o.hibernate.jpa.internal.util.LogHelper  : HHH000204: Processing PersistenceUnitInfo [name: default]
2024-01-29T16:03:04.084+09:00  INFO 22608 --- [    Test worker] org.hibernate.Version                    : HHH000412: Hibernate ORM core version 6.4.1.Final
2024-01-29T16:03:04.125+09:00  INFO 22608 --- [    Test worker] o.h.c.internal.RegionFactoryInitiator    : HHH000026: Second-level cache disabled
2024-01-29T16:03:04.206+09:00 DEBUG 22608 --- [    Test worker] org.hibernate.type.BasicTypeRegistry     : Adding type registration boolean -> org.hibernate.type.BasicTypeReference@542ff147
2024-01-29T16:03:04.206+09:00 DEBUG 22608 --- [    Test worker] org.hibernate.type.BasicTypeRegistry     : Adding type registration boolean -> org.hibernate.type.BasicTypeReference@542ff147
2024-01-29T16:03:04.206+09:00 DEBUG 22608 --- [    Test worker] org.hibernate.type.BasicTypeRegistry     : Adding type registration java.lang.Boolean -> org.hibernate.type.BasicTypeReference@542ff147
2024-01-29T16:03:04.207+09:00 DEBUG 22608 --- [    Test worker] org.hibernate.type.BasicTypeRegistry     : Adding type registration numeric_boolean -> org.hibernate.type.BasicTypeReference@2d801d8
2024-01-29T16:03:04.207+09:00 DEBUG 22608 --- [    Test worker] org.hibernate.type.BasicTypeRegistry     : Adding type registration org.hibernate.type.NumericBooleanConverter -> org.hibernate.type.BasicTypeReference@2d801d8
2024-01-29T16:03:04.207+09:00 DEBUG 22608 --- [    Test worker] org.hibernate.type.BasicTypeRegistry     : Adding type registration true_false -> org.hibernate.type.BasicTypeReference@b9b97ad
2024-01-29T16:03:04.207+09:00 DEBUG 22608 --- [    Test worker] org.hibernate.type.BasicTypeRegistry     : Adding type registration org.hibernate.type.TrueFalseConverter -> org.hibernate.type.BasicTypeReference@b9b97ad
2024-01-29T16:03:04.207+09:00 DEBUG 22608 --- [    Test worker] org.hibernate.type.BasicTypeRegistry     : Adding type registration yes_no -> org.hibernate.type.BasicTypeReference@2807cf3
2024-01-29T16:03:04.207+09:00 DEBUG 22608 --- [    Test worker] org.hibernate.type.BasicTypeRegistry     : Adding type registration org.hibernate.type.YesNoConverter -> org.hibernate.type.BasicTypeReference@2807cf3
2024-01-29T16:03:04.208+09:00 DEBUG 22608 --- [    Test worker] org.hibernate.type.BasicTypeRegistry     : Adding type registration byte -> org.hibernate.type.BasicTypeReference@298e002d
2024-01-29T16:03:04.208+09:00 DEBUG 22608 --- [    Test worker] org.hibernate.type.BasicTypeRegistry     : Adding type registration byte -> org.hibernate.type.BasicTypeReference@298e002d
2024-01-29T16:03:04.208+09:00 DEBUG 22608 --- [    Test worker] org.hibernate.type.BasicTypeRegistry     : Adding type registration java.lang.Byte -> org.hibernate.type.BasicTypeReference@298e002d
2024-01-29T16:03:04.208+09:00 DEBUG 22608 --- [    Test worker] org.hibernate.type.BasicTypeRegistry     : Adding type registration binary -> org.hibernate.type.BasicTypeReference@6b9a1205
2024-01-29T16:03:04.209+09:00 DEBUG 22608 --- [    Test worker] org.hibernate.type.BasicTypeRegistry     : Adding type registration byte[] -> org.hibernate.type.BasicTypeReference@6b9a1205
2024-01-29T16:03:04.209+09:00 DEBUG 22608 --- [    Test worker] org.hibernate.type.BasicTypeRegistry     : Adding type registration [B -> org.hibernate.type.BasicTypeReference@6b9a1205
2024-01-29T16:03:04.209+09:00 DEBUG 22608 --- [    Test worker] org.hibernate.type.BasicTypeRegistry     : Adding type registration binary_wrapper -> org.hibernate.type.BasicTypeReference@645ba24a
2024-01-29T16:03:04.209+09:00 DEBUG 22608 --- [    Test worker] org.hibernate.type.BasicTypeRegistry     : Adding type registration wrapper-binary -> org.hibernate.type.BasicTypeReference@645ba24a
2024-01-29T16:03:04.209+09:00 DEBUG 22608 --- [    Test worker] org.hibernate.type.BasicTypeRegistry     : Adding type registration image -> org.hibernate.type.BasicTypeReference@5f6a8efe
2024-01-29T16:03:04.209+09:00 DEBUG 22608 --- [    Test worker] org.hibernate.type.BasicTypeRegistry     : Adding type registration blob -> org.hibernate.type.BasicTypeReference@3dd2b9c1
2024-01-29T16:03:04.210+09:00 DEBUG 22608 --- [    Test worker] org.hibernate.type.BasicTypeRegistry     : Adding type registration java.sql.Blob -> org.hibernate.type.BasicTypeReference@3dd2b9c1
2024-01-29T16:03:04.210+09:00 DEBUG 22608 --- [    Test worker] org.hibernate.type.BasicTypeRegistry     : Adding type registration materialized_blob -> org.hibernate.type.BasicTypeReference@6a1d1467
2024-01-29T16:03:04.210+09:00 DEBUG 22608 --- [    Test worker] org.hibernate.type.BasicTypeRegistry     : Adding type registration materialized_blob_wrapper -> org.hibernate.type.BasicTypeReference@536da29c
2024-01-29T16:03:04.210+09:00 DEBUG 22608 --- [    Test worker] org.hibernate.type.BasicTypeRegistry     : Adding type registration short -> org.hibernate.type.BasicTypeReference@58fbcb71
2024-01-29T16:03:04.210+09:00 DEBUG 22608 --- [    Test worker] org.hibernate.type.BasicTypeRegistry     : Adding type registration short -> org.hibernate.type.BasicTypeReference@58fbcb71
2024-01-29T16:03:04.210+09:00 DEBUG 22608 --- [    Test worker] org.hibernate.type.BasicTypeRegistry     : Adding type registration java.lang.Short -> org.hibernate.type.BasicTypeReference@58fbcb71
2024-01-29T16:03:04.210+09:00 DEBUG 22608 --- [    Test worker] org.hibernate.type.BasicTypeRegistry     : Adding type registration integer -> org.hibernate.type.BasicTypeReference@70cf7d1e
2024-01-29T16:03:04.211+09:00 DEBUG 22608 --- [    Test worker] org.hibernate.type.BasicTypeRegistry     : Adding type registration int -> org.hibernate.type.BasicTypeReference@70cf7d1e
2024-01-29T16:03:04.211+09:00 DEBUG 22608 --- [    Test worker] org.hibernate.type.BasicTypeRegistry     : Adding type registration java.lang.Integer -> org.hibernate.type.BasicTypeReference@70cf7d1e
2024-01-29T16:03:04.211+09:00 DEBUG 22608 --- [    Test worker] org.hibernate.type.BasicTypeRegistry     : Adding type registration long -> org.hibernate.type.BasicTypeReference@72f3f14c
2024-01-29T16:03:04.211+09:00 DEBUG 22608 --- [    Test worker] org.hibernate.type.BasicTypeRegistry     : Adding type registration long -> org.hibernate.type.BasicTypeReference@72f3f14c
2024-01-29T16:03:04.211+09:00 DEBUG 22608 --- [    Test worker] org.hibernate.type.BasicTypeRegistry     : Adding type registration java.lang.Long -> org.hibernate.type.BasicTypeReference@72f3f14c
2024-01-29T16:03:04.211+09:00 DEBUG 22608 --- [    Test worker] org.hibernate.type.BasicTypeRegistry     : Adding type registration float -> org.hibernate.type.BasicTypeReference@4cb4c4cc
2024-01-29T16:03:04.211+09:00 DEBUG 22608 --- [    Test worker] org.hibernate.type.BasicTypeRegistry     : Adding type registration float -> org.hibernate.type.BasicTypeReference@4cb4c4cc
2024-01-29T16:03:04.211+09:00 DEBUG 22608 --- [    Test worker] org.hibernate.type.BasicTypeRegistry     : Adding type registration java.lang.Float -> org.hibernate.type.BasicTypeReference@4cb4c4cc
2024-01-29T16:03:04.211+09:00 DEBUG 22608 --- [    Test worker] org.hibernate.type.BasicTypeRegistry     : Adding type registration double -> org.hibernate.type.BasicTypeReference@4a122e68
2024-01-29T16:03:04.212+09:00 DEBUG 22608 --- [    Test worker] org.hibernate.type.BasicTypeRegistry     : Adding type registration double -> org.hibernate.type.BasicTypeReference@4a122e68
2024-01-29T16:03:04.212+09:00 DEBUG 22608 --- [    Test worker] org.hibernate.type.BasicTypeRegistry     : Adding type registration java.lang.Double -> org.hibernate.type.BasicTypeReference@4a122e68
2024-01-29T16:03:04.212+09:00 DEBUG 22608 --- [    Test worker] org.hibernate.type.BasicTypeRegistry     : Adding type registration big_integer -> org.hibernate.type.BasicTypeReference@41be8db9
2024-01-29T16:03:04.212+09:00 DEBUG 22608 --- [    Test worker] org.hibernate.type.BasicTypeRegistry     : Adding type registration java.math.BigInteger -> org.hibernate.type.BasicTypeReference@41be8db9
2024-01-29T16:03:04.212+09:00 DEBUG 22608 --- [    Test worker] org.hibernate.type.BasicTypeRegistry     : Adding type registration big_decimal -> org.hibernate.type.BasicTypeReference@2c2a7d53
2024-01-29T16:03:04.212+09:00 DEBUG 22608 --- [    Test worker] org.hibernate.type.BasicTypeRegistry     : Adding type registration java.math.BigDecimal -> org.hibernate.type.BasicTypeReference@2c2a7d53
2024-01-29T16:03:04.212+09:00 DEBUG 22608 --- [    Test worker] org.hibernate.type.BasicTypeRegistry     : Adding type registration character -> org.hibernate.type.BasicTypeReference@46524ebe
2024-01-29T16:03:04.212+09:00 DEBUG 22608 --- [    Test worker] org.hibernate.type.BasicTypeRegistry     : Adding type registration char -> org.hibernate.type.BasicTypeReference@46524ebe
2024-01-29T16:03:04.213+09:00 DEBUG 22608 --- [    Test worker] org.hibernate.type.BasicTypeRegistry     : Adding type registration java.lang.Character -> org.hibernate.type.BasicTypeReference@46524ebe
2024-01-29T16:03:04.213+09:00 DEBUG 22608 --- [    Test worker] org.hibernate.type.BasicTypeRegistry     : Adding type registration character_nchar -> org.hibernate.type.BasicTypeReference@1de85972
2024-01-29T16:03:04.213+09:00 DEBUG 22608 --- [    Test worker] org.hibernate.type.BasicTypeRegistry     : Adding type registration string -> org.hibernate.type.BasicTypeReference@280ecc33
2024-01-29T16:03:04.213+09:00 DEBUG 22608 --- [    Test worker] org.hibernate.type.BasicTypeRegistry     : Adding type registration java.lang.String -> org.hibernate.type.BasicTypeReference@280ecc33
2024-01-29T16:03:04.213+09:00 DEBUG 22608 --- [    Test worker] org.hibernate.type.BasicTypeRegistry     : Adding type registration nstring -> org.hibernate.type.BasicTypeReference@57b1ec84
2024-01-29T16:03:04.213+09:00 DEBUG 22608 --- [    Test worker] org.hibernate.type.BasicTypeRegistry     : Adding type registration characters -> org.hibernate.type.BasicTypeReference@3c27f72
2024-01-29T16:03:04.213+09:00 DEBUG 22608 --- [    Test worker] org.hibernate.type.BasicTypeRegistry     : Adding type registration char[] -> org.hibernate.type.BasicTypeReference@3c27f72
2024-01-29T16:03:04.214+09:00 DEBUG 22608 --- [    Test worker] org.hibernate.type.BasicTypeRegistry     : Adding type registration [C -> org.hibernate.type.BasicTypeReference@3c27f72
2024-01-29T16:03:04.214+09:00 DEBUG 22608 --- [    Test worker] org.hibernate.type.BasicTypeRegistry     : Adding type registration wrapper-characters -> org.hibernate.type.BasicTypeReference@5cbe95b1
2024-01-29T16:03:04.214+09:00 DEBUG 22608 --- [    Test worker] org.hibernate.type.BasicTypeRegistry     : Adding type registration text -> org.hibernate.type.BasicTypeReference@28fa541
2024-01-29T16:03:04.214+09:00 DEBUG 22608 --- [    Test worker] org.hibernate.type.BasicTypeRegistry     : Adding type registration ntext -> org.hibernate.type.BasicTypeReference@5a82bc58
2024-01-29T16:03:04.214+09:00 DEBUG 22608 --- [    Test worker] org.hibernate.type.BasicTypeRegistry     : Adding type registration clob -> org.hibernate.type.BasicTypeReference@4aab7195
2024-01-29T16:03:04.214+09:00 DEBUG 22608 --- [    Test worker] org.hibernate.type.BasicTypeRegistry     : Adding type registration java.sql.Clob -> org.hibernate.type.BasicTypeReference@4aab7195
2024-01-29T16:03:04.214+09:00 DEBUG 22608 --- [    Test worker] org.hibernate.type.BasicTypeRegistry     : Adding type registration nclob -> org.hibernate.type.BasicTypeReference@6210666c
2024-01-29T16:03:04.215+09:00 DEBUG 22608 --- [    Test worker] org.hibernate.type.BasicTypeRegistry     : Adding type registration java.sql.NClob -> org.hibernate.type.BasicTypeReference@6210666c
2024-01-29T16:03:04.215+09:00 DEBUG 22608 --- [    Test worker] org.hibernate.type.BasicTypeRegistry     : Adding type registration materialized_clob -> org.hibernate.type.BasicTypeReference@1dca62c2
2024-01-29T16:03:04.215+09:00 DEBUG 22608 --- [    Test worker] org.hibernate.type.BasicTypeRegistry     : Adding type registration materialized_clob_char_array -> org.hibernate.type.BasicTypeReference@52657d5f
2024-01-29T16:03:04.215+09:00 DEBUG 22608 --- [    Test worker] org.hibernate.type.BasicTypeRegistry     : Adding type registration materialized_clob_character_array -> org.hibernate.type.BasicTypeReference@43d3995f
2024-01-29T16:03:04.215+09:00 DEBUG 22608 --- [    Test worker] org.hibernate.type.BasicTypeRegistry     : Adding type registration materialized_nclob -> org.hibernate.type.BasicTypeReference@2211b44f
2024-01-29T16:03:04.215+09:00 DEBUG 22608 --- [    Test worker] org.hibernate.type.BasicTypeRegistry     : Adding type registration materialized_nclob_character_array -> org.hibernate.type.BasicTypeReference@6c830ebd
2024-01-29T16:03:04.215+09:00 DEBUG 22608 --- [    Test worker] org.hibernate.type.BasicTypeRegistry     : Adding type registration materialized_nclob_char_array -> org.hibernate.type.BasicTypeReference@15f519f7
2024-01-29T16:03:04.216+09:00 DEBUG 22608 --- [    Test worker] org.hibernate.type.BasicTypeRegistry     : Adding type registration Duration -> org.hibernate.type.BasicTypeReference@4a336377
2024-01-29T16:03:04.216+09:00 DEBUG 22608 --- [    Test worker] org.hibernate.type.BasicTypeRegistry     : Adding type registration java.time.Duration -> org.hibernate.type.BasicTypeReference@4a336377
2024-01-29T16:03:04.216+09:00 DEBUG 22608 --- [    Test worker] org.hibernate.type.BasicTypeRegistry     : Adding type registration LocalDateTime -> org.hibernate.type.BasicTypeReference@65af05b2
2024-01-29T16:03:04.216+09:00 DEBUG 22608 --- [    Test worker] org.hibernate.type.BasicTypeRegistry     : Adding type registration java.time.LocalDateTime -> org.hibernate.type.BasicTypeReference@65af05b2
2024-01-29T16:03:04.216+09:00 DEBUG 22608 --- [    Test worker] org.hibernate.type.BasicTypeRegistry     : Adding type registration LocalDate -> org.hibernate.type.BasicTypeReference@11ad095c
2024-01-29T16:03:04.216+09:00 DEBUG 22608 --- [    Test worker] org.hibernate.type.BasicTypeRegistry     : Adding type registration java.time.LocalDate -> org.hibernate.type.BasicTypeReference@11ad095c
2024-01-29T16:03:04.216+09:00 DEBUG 22608 --- [    Test worker] org.hibernate.type.BasicTypeRegistry     : Adding type registration LocalTime -> org.hibernate.type.BasicTypeReference@2c2a903f
2024-01-29T16:03:04.217+09:00 DEBUG 22608 --- [    Test worker] org.hibernate.type.BasicTypeRegistry     : Adding type registration java.time.LocalTime -> org.hibernate.type.BasicTypeReference@2c2a903f
2024-01-29T16:03:04.217+09:00 DEBUG 22608 --- [    Test worker] org.hibernate.type.BasicTypeRegistry     : Adding type registration OffsetDateTime -> org.hibernate.type.BasicTypeReference@7d537616
2024-01-29T16:03:04.217+09:00 DEBUG 22608 --- [    Test worker] org.hibernate.type.BasicTypeRegistry     : Adding type registration java.time.OffsetDateTime -> org.hibernate.type.BasicTypeReference@7d537616
2024-01-29T16:03:04.217+09:00 DEBUG 22608 --- [    Test worker] org.hibernate.type.BasicTypeRegistry     : Adding type registration OffsetDateTimeWithTimezone -> org.hibernate.type.BasicTypeReference@604c7e9b
2024-01-29T16:03:04.217+09:00 DEBUG 22608 --- [    Test worker] org.hibernate.type.BasicTypeRegistry     : Adding type registration OffsetDateTimeWithoutTimezone -> org.hibernate.type.BasicTypeReference@19d27c27
2024-01-29T16:03:04.217+09:00 DEBUG 22608 --- [    Test worker] org.hibernate.type.BasicTypeRegistry     : Adding type registration OffsetTime -> org.hibernate.type.BasicTypeReference@6181bc4a
2024-01-29T16:03:04.217+09:00 DEBUG 22608 --- [    Test worker] org.hibernate.type.BasicTypeRegistry     : Adding type registration java.time.OffsetTime -> org.hibernate.type.BasicTypeReference@6181bc4a
2024-01-29T16:03:04.217+09:00 DEBUG 22608 --- [    Test worker] org.hibernate.type.BasicTypeRegistry     : Adding type registration OffsetTimeUtc -> org.hibernate.type.BasicTypeReference@70485aa
2024-01-29T16:03:04.217+09:00 DEBUG 22608 --- [    Test worker] org.hibernate.type.BasicTypeRegistry     : Adding type registration OffsetTimeWithTimezone -> org.hibernate.type.BasicTypeReference@4bf8b77
2024-01-29T16:03:04.217+09:00 DEBUG 22608 --- [    Test worker] org.hibernate.type.BasicTypeRegistry     : Adding type registration OffsetTimeWithoutTimezone -> org.hibernate.type.BasicTypeReference@e06ec83
2024-01-29T16:03:04.218+09:00 DEBUG 22608 --- [    Test worker] org.hibernate.type.BasicTypeRegistry     : Adding type registration ZonedDateTime -> org.hibernate.type.BasicTypeReference@628962e5
2024-01-29T16:03:04.218+09:00 DEBUG 22608 --- [    Test worker] org.hibernate.type.BasicTypeRegistry     : Adding type registration java.time.ZonedDateTime -> org.hibernate.type.BasicTypeReference@628962e5
2024-01-29T16:03:04.218+09:00 DEBUG 22608 --- [    Test worker] org.hibernate.type.BasicTypeRegistry     : Adding type registration ZonedDateTimeWithTimezone -> org.hibernate.type.BasicTypeReference@410382cb
2024-01-29T16:03:04.218+09:00 DEBUG 22608 --- [    Test worker] org.hibernate.type.BasicTypeRegistry     : Adding type registration ZonedDateTimeWithoutTimezone -> org.hibernate.type.BasicTypeReference@399f5daf
2024-01-29T16:03:04.218+09:00 DEBUG 22608 --- [    Test worker] org.hibernate.type.BasicTypeRegistry     : Adding type registration date -> org.hibernate.type.BasicTypeReference@c4cceb
2024-01-29T16:03:04.218+09:00 DEBUG 22608 --- [    Test worker] org.hibernate.type.BasicTypeRegistry     : Adding type registration java.sql.Date -> org.hibernate.type.BasicTypeReference@c4cceb
2024-01-29T16:03:04.218+09:00 DEBUG 22608 --- [    Test worker] org.hibernate.type.BasicTypeRegistry     : Adding type registration time -> org.hibernate.type.BasicTypeReference@29f3185c
2024-01-29T16:03:04.218+09:00 DEBUG 22608 --- [    Test worker] org.hibernate.type.BasicTypeRegistry     : Adding type registration java.sql.Time -> org.hibernate.type.BasicTypeReference@29f3185c
2024-01-29T16:03:04.218+09:00 DEBUG 22608 --- [    Test worker] org.hibernate.type.BasicTypeRegistry     : Adding type registration timestamp -> org.hibernate.type.BasicTypeReference@74bbc273
2024-01-29T16:03:04.218+09:00 DEBUG 22608 --- [    Test worker] org.hibernate.type.BasicTypeRegistry     : Adding type registration java.sql.Timestamp -> org.hibernate.type.BasicTypeReference@74bbc273
2024-01-29T16:03:04.219+09:00 DEBUG 22608 --- [    Test worker] org.hibernate.type.BasicTypeRegistry     : Adding type registration java.util.Date -> org.hibernate.type.BasicTypeReference@74bbc273
2024-01-29T16:03:04.219+09:00 DEBUG 22608 --- [    Test worker] org.hibernate.type.BasicTypeRegistry     : Adding type registration calendar -> org.hibernate.type.BasicTypeReference@370a8b6e
2024-01-29T16:03:04.219+09:00 DEBUG 22608 --- [    Test worker] org.hibernate.type.BasicTypeRegistry     : Adding type registration java.util.Calendar -> org.hibernate.type.BasicTypeReference@370a8b6e
2024-01-29T16:03:04.219+09:00 DEBUG 22608 --- [    Test worker] org.hibernate.type.BasicTypeRegistry     : Adding type registration java.util.GregorianCalendar -> org.hibernate.type.BasicTypeReference@370a8b6e
2024-01-29T16:03:04.219+09:00 DEBUG 22608 --- [    Test worker] org.hibernate.type.BasicTypeRegistry     : Adding type registration calendar_date -> org.hibernate.type.BasicTypeReference@118fbaf0
2024-01-29T16:03:04.219+09:00 DEBUG 22608 --- [    Test worker] org.hibernate.type.BasicTypeRegistry     : Adding type registration calendar_time -> org.hibernate.type.BasicTypeReference@208f7165
2024-01-29T16:03:04.219+09:00 DEBUG 22608 --- [    Test worker] org.hibernate.type.BasicTypeRegistry     : Adding type registration instant -> org.hibernate.type.BasicTypeReference@a0d875d
2024-01-29T16:03:04.219+09:00 DEBUG 22608 --- [    Test worker] org.hibernate.type.BasicTypeRegistry     : Adding type registration java.time.Instant -> org.hibernate.type.BasicTypeReference@a0d875d
2024-01-29T16:03:04.220+09:00 DEBUG 22608 --- [    Test worker] org.hibernate.type.BasicTypeRegistry     : Adding type registration uuid -> org.hibernate.type.BasicTypeReference@693f2c89
2024-01-29T16:03:04.220+09:00 DEBUG 22608 --- [    Test worker] org.hibernate.type.BasicTypeRegistry     : Adding type registration java.util.UUID -> org.hibernate.type.BasicTypeReference@693f2c89
2024-01-29T16:03:04.220+09:00 DEBUG 22608 --- [    Test worker] org.hibernate.type.BasicTypeRegistry     : Adding type registration pg-uuid -> org.hibernate.type.BasicTypeReference@693f2c89
2024-01-29T16:03:04.220+09:00 DEBUG 22608 --- [    Test worker] org.hibernate.type.BasicTypeRegistry     : Adding type registration uuid-binary -> org.hibernate.type.BasicTypeReference@50b4364
2024-01-29T16:03:04.220+09:00 DEBUG 22608 --- [    Test worker] org.hibernate.type.BasicTypeRegistry     : Adding type registration uuid-char -> org.hibernate.type.BasicTypeReference@5e541ef9
2024-01-29T16:03:04.220+09:00 DEBUG 22608 --- [    Test worker] org.hibernate.type.BasicTypeRegistry     : Adding type registration class -> org.hibernate.type.BasicTypeReference@38054d01
2024-01-29T16:03:04.220+09:00 DEBUG 22608 --- [    Test worker] org.hibernate.type.BasicTypeRegistry     : Adding type registration java.lang.Class -> org.hibernate.type.BasicTypeReference@38054d01
2024-01-29T16:03:04.221+09:00 DEBUG 22608 --- [    Test worker] org.hibernate.type.BasicTypeRegistry     : Adding type registration currency -> org.hibernate.type.BasicTypeReference@28ce75ec
2024-01-29T16:03:04.221+09:00 DEBUG 22608 --- [    Test worker] org.hibernate.type.BasicTypeRegistry     : Adding type registration Currency -> org.hibernate.type.BasicTypeReference@28ce75ec
2024-01-29T16:03:04.221+09:00 DEBUG 22608 --- [    Test worker] org.hibernate.type.BasicTypeRegistry     : Adding type registration java.util.Currency -> org.hibernate.type.BasicTypeReference@28ce75ec
2024-01-29T16:03:04.221+09:00 DEBUG 22608 --- [    Test worker] org.hibernate.type.BasicTypeRegistry     : Adding type registration locale -> org.hibernate.type.BasicTypeReference@778113f2
2024-01-29T16:03:04.221+09:00 DEBUG 22608 --- [    Test worker] org.hibernate.type.BasicTypeRegistry     : Adding type registration java.util.Locale -> org.hibernate.type.BasicTypeReference@778113f2
2024-01-29T16:03:04.221+09:00 DEBUG 22608 --- [    Test worker] org.hibernate.type.BasicTypeRegistry     : Adding type registration serializable -> org.hibernate.type.BasicTypeReference@9dc782d
2024-01-29T16:03:04.222+09:00 DEBUG 22608 --- [    Test worker] org.hibernate.type.BasicTypeRegistry     : Adding type registration java.io.Serializable -> org.hibernate.type.BasicTypeReference@9dc782d
2024-01-29T16:03:04.222+09:00 DEBUG 22608 --- [    Test worker] org.hibernate.type.BasicTypeRegistry     : Adding type registration timezone -> org.hibernate.type.BasicTypeReference@1ba35152
2024-01-29T16:03:04.222+09:00 DEBUG 22608 --- [    Test worker] org.hibernate.type.BasicTypeRegistry     : Adding type registration java.util.TimeZone -> org.hibernate.type.BasicTypeReference@1ba35152
2024-01-29T16:03:04.223+09:00 DEBUG 22608 --- [    Test worker] org.hibernate.type.BasicTypeRegistry     : Adding type registration ZoneOffset -> org.hibernate.type.BasicTypeReference@401926df
2024-01-29T16:03:04.223+09:00 DEBUG 22608 --- [    Test worker] org.hibernate.type.BasicTypeRegistry     : Adding type registration java.time.ZoneOffset -> org.hibernate.type.BasicTypeReference@401926df
2024-01-29T16:03:04.223+09:00 DEBUG 22608 --- [    Test worker] org.hibernate.type.BasicTypeRegistry     : Adding type registration url -> org.hibernate.type.BasicTypeReference@3ff8a3ad
2024-01-29T16:03:04.223+09:00 DEBUG 22608 --- [    Test worker] org.hibernate.type.BasicTypeRegistry     : Adding type registration java.net.URL -> org.hibernate.type.BasicTypeReference@3ff8a3ad
2024-01-29T16:03:04.224+09:00 DEBUG 22608 --- [    Test worker] org.hibernate.type.BasicTypeRegistry     : Adding type registration vector -> org.hibernate.type.BasicTypeReference@550fa96f
2024-01-29T16:03:04.224+09:00 DEBUG 22608 --- [    Test worker] org.hibernate.type.BasicTypeRegistry     : Adding type registration row_version -> org.hibernate.type.BasicTypeReference@54275b5d
2024-01-29T16:03:04.230+09:00 DEBUG 22608 --- [    Test worker] org.hibernate.type.BasicTypeRegistry     : Adding type registration object -> org.hibernate.type.JavaObjectType@7440265c
2024-01-29T16:03:04.231+09:00 DEBUG 22608 --- [    Test worker] org.hibernate.type.BasicTypeRegistry     : Adding type registration java.lang.Object -> org.hibernate.type.JavaObjectType@7440265c
2024-01-29T16:03:04.232+09:00 DEBUG 22608 --- [    Test worker] org.hibernate.type.BasicTypeRegistry     : Adding type registration null -> org.hibernate.type.NullType@dd20ebc
2024-01-29T16:03:04.232+09:00 DEBUG 22608 --- [    Test worker] org.hibernate.type.BasicTypeRegistry     : Adding type registration imm_date -> org.hibernate.type.BasicTypeReference@6c70b7c3
2024-01-29T16:03:04.232+09:00 DEBUG 22608 --- [    Test worker] org.hibernate.type.BasicTypeRegistry     : Adding type registration imm_time -> org.hibernate.type.BasicTypeReference@16a09809
2024-01-29T16:03:04.232+09:00 DEBUG 22608 --- [    Test worker] org.hibernate.type.BasicTypeRegistry     : Adding type registration imm_timestamp -> org.hibernate.type.BasicTypeReference@69a73867
2024-01-29T16:03:04.232+09:00 DEBUG 22608 --- [    Test worker] org.hibernate.type.BasicTypeRegistry     : Adding type registration imm_calendar -> org.hibernate.type.BasicTypeReference@749d7c01
2024-01-29T16:03:04.232+09:00 DEBUG 22608 --- [    Test worker] org.hibernate.type.BasicTypeRegistry     : Adding type registration imm_calendar_date -> org.hibernate.type.BasicTypeReference@1d3a03fe
2024-01-29T16:03:04.232+09:00 DEBUG 22608 --- [    Test worker] org.hibernate.type.BasicTypeRegistry     : Adding type registration imm_calendar_time -> org.hibernate.type.BasicTypeReference@f48a080
2024-01-29T16:03:04.232+09:00 DEBUG 22608 --- [    Test worker] org.hibernate.type.BasicTypeRegistry     : Adding type registration imm_binary -> org.hibernate.type.BasicTypeReference@5f7cd50e
2024-01-29T16:03:04.233+09:00 DEBUG 22608 --- [    Test worker] org.hibernate.type.BasicTypeRegistry     : Adding type registration imm_serializable -> org.hibernate.type.BasicTypeReference@401ec794
2024-01-29T16:03:04.387+09:00  INFO 22608 --- [    Test worker] o.s.o.j.p.SpringPersistenceUnitInfo      : No LoadTimeWeaver setup: ignoring JPA class transformer
2024-01-29T16:03:04.475+09:00 DEBUG 22608 --- [    Test worker] o.h.t.d.sql.spi.DdlTypeRegistry          : addDescriptor(12, org.hibernate.type.descriptor.sql.internal.CapacityDependentDdlType@75959b0c) replaced previous registration(org.hibernate.type.descriptor.sql.internal.CapacityDependentDdlType@355493bf)
2024-01-29T16:03:04.475+09:00 DEBUG 22608 --- [    Test worker] o.h.t.d.sql.spi.DdlTypeRegistry          : addDescriptor(-9, org.hibernate.type.descriptor.sql.internal.CapacityDependentDdlType@7ebc5be6) replaced previous registration(org.hibernate.type.descriptor.sql.internal.CapacityDependentDdlType@4627dfda)
2024-01-29T16:03:04.475+09:00 DEBUG 22608 --- [    Test worker] o.h.t.d.sql.spi.DdlTypeRegistry          : addDescriptor(-3, org.hibernate.type.descriptor.sql.internal.CapacityDependentDdlType@1f3361e9) replaced previous registration(org.hibernate.type.descriptor.sql.internal.CapacityDependentDdlType@eebc0db)
2024-01-29T16:03:04.476+09:00 DEBUG 22608 --- [    Test worker] o.h.t.d.sql.spi.DdlTypeRegistry          : addDescriptor(4003, org.hibernate.type.descriptor.sql.internal.DdlTypeImpl@1214c98b) replaced previous registration(org.hibernate.type.descriptor.sql.internal.DdlTypeImpl@6ab50d1c)
2024-01-29T16:03:04.476+09:00 DEBUG 22608 --- [    Test worker] o.h.t.d.sql.spi.DdlTypeRegistry          : addDescriptor(4001, org.hibernate.type.descriptor.sql.internal.DdlTypeImpl@6e0d058a) replaced previous registration(org.hibernate.type.descriptor.sql.internal.DdlTypeImpl@3eb0fd88)
2024-01-29T16:03:04.476+09:00 DEBUG 22608 --- [    Test worker] o.h.t.d.sql.spi.DdlTypeRegistry          : addDescriptor(4002, org.hibernate.type.descriptor.sql.internal.DdlTypeImpl@adc3344) replaced previous registration(org.hibernate.type.descriptor.sql.internal.DdlTypeImpl@484302ee)
2024-01-29T16:03:04.476+09:00 DEBUG 22608 --- [    Test worker] o.h.t.d.sql.spi.DdlTypeRegistry          : addDescriptor(2004, org.hibernate.type.descriptor.sql.internal.CapacityDependentDdlType@4e647f39) replaced previous registration(org.hibernate.type.descriptor.sql.internal.DdlTypeImpl@778197c0)
2024-01-29T16:03:04.476+09:00 DEBUG 22608 --- [    Test worker] o.h.t.d.sql.spi.DdlTypeRegistry          : addDescriptor(2005, org.hibernate.type.descriptor.sql.internal.CapacityDependentDdlType@1c2cdc67) replaced previous registration(org.hibernate.type.descriptor.sql.internal.DdlTypeImpl@4c28f97e)
2024-01-29T16:03:04.477+09:00 DEBUG 22608 --- [    Test worker] o.h.t.d.sql.spi.DdlTypeRegistry          : addDescriptor(2011, org.hibernate.type.descriptor.sql.internal.CapacityDependentDdlType@21d8da75) replaced previous registration(org.hibernate.type.descriptor.sql.internal.DdlTypeImpl@5a1c7619)
2024-01-29T16:03:04.478+09:00 DEBUG 22608 --- [    Test worker] o.h.t.d.jdbc.spi.JdbcTypeRegistry        : addDescriptor(NCharTypeDescriptor) replaced previous registration(CharTypeDescriptor)
2024-01-29T16:03:04.478+09:00 DEBUG 22608 --- [    Test worker] o.h.t.d.jdbc.spi.JdbcTypeRegistry        : addDescriptor(NVarcharTypeDescriptor) replaced previous registration(VarcharTypeDescriptor)
2024-01-29T16:03:04.479+09:00 DEBUG 22608 --- [    Test worker] o.h.t.d.jdbc.spi.JdbcTypeRegistry        : addDescriptor(LongNVarcharTypeDescriptor) replaced previous registration(LongVarcharTypeDescriptor)
2024-01-29T16:03:04.481+09:00 DEBUG 22608 --- [    Test worker] o.h.t.d.jdbc.spi.JdbcTypeRegistry        : addDescriptor(NClobTypeDescriptor(DEFAULT)) replaced previous registration(ClobTypeDescriptor(DEFAULT))
2024-01-29T16:03:04.481+09:00 DEBUG 22608 --- [    Test worker] o.h.t.d.jdbc.spi.JdbcTypeRegistry        : addDescriptor(2005, ClobTypeDescriptor(STREAM_BINDING)) replaced previous registration(ClobTypeDescriptor(DEFAULT))
2024-01-29T16:03:04.484+09:00 DEBUG 22608 --- [    Test worker] org.hibernate.type.BasicTypeRegistry     : Adding type registration null -> org.hibernate.type.NullType@2e44cb34
2024-01-29T16:03:04.484+09:00 DEBUG 22608 --- [    Test worker] org.hibernate.type.BasicTypeRegistry     : Type registration key [null] overrode previous entry : `org.hibernate.type.NullType@dd20ebc`
2024-01-29T16:03:04.488+09:00 DEBUG 22608 --- [    Test worker] org.hibernate.type.BasicTypeRegistry     : Adding type registration org.hibernate.type.DurationType -> basicType@1(java.time.Duration,2)
2024-01-29T16:03:04.488+09:00 DEBUG 22608 --- [    Test worker] org.hibernate.type.BasicTypeRegistry     : Adding type registration Duration -> basicType@1(java.time.Duration,2)
2024-01-29T16:03:04.488+09:00 DEBUG 22608 --- [    Test worker] org.hibernate.type.BasicTypeRegistry     : Adding type registration java.time.Duration -> basicType@1(java.time.Duration,2)
2024-01-29T16:03:04.491+09:00 DEBUG 22608 --- [    Test worker] org.hibernate.type.BasicTypeRegistry     : Adding type registration org.hibernate.type.OffsetDateTimeType -> basicType@2(java.time.OffsetDateTime,3003)
2024-01-29T16:03:04.492+09:00 DEBUG 22608 --- [    Test worker] org.hibernate.type.BasicTypeRegistry     : Adding type registration OffsetDateTime -> basicType@2(java.time.OffsetDateTime,3003)
2024-01-29T16:03:04.492+09:00 DEBUG 22608 --- [    Test worker] org.hibernate.type.BasicTypeRegistry     : Adding type registration java.time.OffsetDateTime -> basicType@2(java.time.OffsetDateTime,3003)
2024-01-29T16:03:04.492+09:00 DEBUG 22608 --- [    Test worker] org.hibernate.type.BasicTypeRegistry     : Adding type registration org.hibernate.type.ZonedDateTimeType -> basicType@3(java.time.ZonedDateTime,3003)
2024-01-29T16:03:04.492+09:00 DEBUG 22608 --- [    Test worker] org.hibernate.type.BasicTypeRegistry     : Adding type registration ZonedDateTime -> basicType@3(java.time.ZonedDateTime,3003)
2024-01-29T16:03:04.492+09:00 DEBUG 22608 --- [    Test worker] org.hibernate.type.BasicTypeRegistry     : Adding type registration java.time.ZonedDateTime -> basicType@3(java.time.ZonedDateTime,3003)
2024-01-29T16:03:04.493+09:00 DEBUG 22608 --- [    Test worker] org.hibernate.type.BasicTypeRegistry     : Adding type registration org.hibernate.type.OffsetTimeType -> basicType@4(java.time.OffsetTime,3007)
2024-01-29T16:03:04.493+09:00 DEBUG 22608 --- [    Test worker] org.hibernate.type.BasicTypeRegistry     : Adding type registration OffsetTime -> basicType@4(java.time.OffsetTime,3007)
2024-01-29T16:03:04.493+09:00 DEBUG 22608 --- [    Test worker] org.hibernate.type.BasicTypeRegistry     : Adding type registration java.time.OffsetTime -> basicType@4(java.time.OffsetTime,3007)
2024-01-29T16:03:04.494+09:00 DEBUG 22608 --- [    Test worker] o.h.type.spi.TypeConfiguration$Scope     : Scoping TypeConfiguration [org.hibernate.type.spi.TypeConfiguration@bc52a41] to MetadataBuildingContext [org.hibernate.boot.internal.MetadataBuildingContextRootImpl@9f48198]
2024-01-29T16:03:05.506+09:00  INFO 22608 --- [    Test worker] o.h.e.t.j.p.i.JtaPlatformInitiator       : HHH000489: No JTA platform available (set 'hibernate.transaction.jta.platform' to enable JTA platform integration)
2024-01-29T16:03:05.507+09:00 DEBUG 22608 --- [    Test worker] o.h.type.spi.TypeConfiguration$Scope     : Scoping TypeConfiguration [org.hibernate.type.spi.TypeConfiguration@bc52a41] to SessionFactoryImplementor [org.hibernate.internal.SessionFactoryImpl@6afb240d]
2024-01-29T16:03:05.509+09:00 TRACE 22608 --- [    Test worker] o.h.type.spi.TypeConfiguration$Scope     : Handling #sessionFactoryCreated from [org.hibernate.internal.SessionFactoryImpl@6afb240d] for TypeConfiguration
2024-01-29T16:03:05.509+09:00  INFO 22608 --- [    Test worker] j.LocalContainerEntityManagerFactoryBean : Initialized JPA EntityManagerFactory for persistence unit 'default'
2024-01-29T16:03:06.050+09:00  WARN 22608 --- [    Test worker] JpaBaseConfiguration$JpaWebConfiguration : spring.jpa.open-in-view is enabled by default. Therefore, database queries may be performed during view rendering. Explicitly configure spring.jpa.open-in-view to disable this warning
2024-01-29T16:03:07.045+09:00  WARN 22608 --- [    Test worker] ion$DefaultTemplateResolverConfiguration : Cannot find template location: classpath:/templates/ (please add some templates, check your Thymeleaf configuration, or set spring.thymeleaf.check-template-location=false)
2024-01-29T16:03:07.188+09:00  WARN 22608 --- [    Test worker] .s.s.UserDetailsServiceAutoConfiguration : 

Using generated security password: 89d1f670-c1bd-4afd-a189-9cf6adefe90b

This generated password is for development use only. Your security configuration must be updated before running your application in production.

2024-01-29T16:03:07.319+09:00  INFO 22608 --- [    Test worker] o.s.s.web.DefaultSecurityFilterChain     : Will secure any request with [org.springframework.security.web.session.DisableEncodeUrlFilter@17524c36, org.springframework.security.web.context.request.async.WebAsyncManagerIntegrationFilter@2f89b44e, org.springframework.security.web.context.SecurityContextHolderFilter@50c442a5, org.springframework.security.web.header.HeaderWriterFilter@4f7a2262, org.springframework.web.filter.CorsFilter@730a140b, org.springframework.security.web.csrf.CsrfFilter@762e3836, org.springframework.security.web.authentication.logout.LogoutFilter@1227ea21, org.springframework.security.web.authentication.UsernamePasswordAuthenticationFilter@38293d23, org.springframework.security.web.authentication.ui.DefaultLoginPageGeneratingFilter@5e5f5ddf, org.springframework.security.web.authentication.ui.DefaultLogoutPageGeneratingFilter@2f29046b, org.springframework.security.web.authentication.www.BasicAuthenticationFilter@466fd19b, org.springframework.security.web.savedrequest.RequestCacheAwareFilter@3fc92211, org.springframework.security.web.servletapi.SecurityContextHolderAwareRequestFilter@63d8590c, org.springframework.security.web.authentication.AnonymousAuthenticationFilter@2a1fce44, org.springframework.security.web.access.ExceptionTranslationFilter@12939937, org.springframework.security.web.access.intercept.AuthorizationFilter@7f2d4ffc]
2024-01-29T16:03:07.373+09:00  INFO 22608 --- [    Test worker] c.ssafying.domain.crew.CrewServiceTest   : Started CrewServiceTest in 5.331 seconds (process running for 6.607)
2024-01-29T16:03:07.929+09:00 DEBUG 22608 --- [    Test worker] org.hibernate.SQL                        : 
    select
        next_val as id_val 
    from
        users_seq for update
Hibernate: 
    select
        next_val as id_val 
    from
        users_seq for update
2024-01-29T16:03:07.939+09:00 DEBUG 22608 --- [    Test worker] org.hibernate.SQL                        : 
    update
        users_seq 
    set
        next_val= ? 
    where
        next_val=?
Hibernate: 
    update
        users_seq 
    set
        next_val= ? 
    where
        next_val=?
2024-01-29T16:03:07.978+09:00 DEBUG 22608 --- [    Test worker] org.hibernate.SQL                        : 
    select
        next_val as id_val 
    from
        crew_seq for update
Hibernate: 
    select
        next_val as id_val 
    from
        crew_seq for update
2024-01-29T16:03:07.979+09:00 DEBUG 22608 --- [    Test worker] org.hibernate.SQL                        : 
    update
        crew_seq 
    set
        next_val= ? 
    where
        next_val=?
Hibernate: 
    update
        crew_seq 
    set
        next_val= ? 
    where
        next_val=?
2024-01-29T16:03:08.073+09:00 DEBUG 22608 --- [    Test worker] org.hibernate.SQL                        : 
    insert 
    into
        users
        (birthday, campus_id, created_at, email, generation, intro, is_major, name, nickname, password, phone_number, profile_image_url, status, updated_at, user_id) 
    values
        (?, ?, ?, ?, ?, ?, ?, ?, ?, ?, ?, ?, ?, ?, ?)
Hibernate: 
    insert 
    into
        users
        (birthday, campus_id, created_at, email, generation, intro, is_major, name, nickname, password, phone_number, profile_image_url, status, updated_at, user_id) 
    values
        (?, ?, ?, ?, ?, ?, ?, ?, ?, ?, ?, ?, ?, ?, ?)
2024-01-29T16:03:08.080+09:00 DEBUG 22608 --- [    Test worker] org.hibernate.SQL                        : 
    insert 
    into
        crew
        (category, content, created_at, is_recruit, region, title, updated_at, user_id, crew_id) 
    values
        (?, ?, ?, ?, ?, ?, ?, ?, ?)
Hibernate: 
    insert 
    into
        crew
        (category, content, created_at, is_recruit, region, title, updated_at, user_id, crew_id) 
    values
        (?, ?, ?, ?, ?, ?, ?, ?, ?)
]]></system-out>
  <system-err><![CDATA[]]></system-err>
</testsuite>
