<?xml version="1.0" encoding="UTF-8"?>
<testsuite name="com.ssafying.domain.user.UserServiceTest" tests="2" skipped="0" failures="0" errors="0" timestamp="2024-01-22T14:26:20" hostname="DESKTOP-LL7FDJ6" time="0.907">
  <properties/>
  <testcase name="중복_회원_예외()" classname="com.ssafying.domain.user.UserServiceTest" time="0.892"/>
  <testcase name="회원가입()" classname="com.ssafying.domain.user.UserServiceTest" time="0.014"/>
  <system-out><![CDATA[23:26:16.556 [Test worker] INFO org.springframework.test.context.support.AnnotationConfigContextLoaderUtils -- Could not detect default configuration classes for test class [com.ssafying.domain.user.UserServiceTest]: UserServiceTest does not declare any static, non-private, non-final, nested classes annotated with @Configuration.
23:26:16.683 [Test worker] INFO org.springframework.boot.test.context.SpringBootTestContextBootstrapper -- Found @SpringBootConfiguration com.ssafying.SsafyingApplication for test class com.ssafying.domain.user.UserServiceTest

  .   ____          _            __ _ _
 /\\ / ___'_ __ _ _(_)_ __  __ _ \ \ \ \
( ( )\___ | '_ | '_| | '_ \/ _` | \ \ \ \
 \\/  ___)| |_)| | | | | || (_| |  ) ) ) )
  '  |____| .__|_| |_|_| |_\__, | / / / /
 =========|_|==============|___/=/_/_/_/
 :: Spring Boot ::                (v3.2.1)

2024-01-22T23:26:17.115+09:00  INFO 1216 --- [    Test worker] c.ssafying.domain.user.UserServiceTest   : Starting UserServiceTest using Java 17.0.9 with PID 1216 (started by SSAFY in C:\Users\SSAFY\Desktop\S10P12B210\ssafying-be)
2024-01-22T23:26:17.117+09:00  INFO 1216 --- [    Test worker] c.ssafying.domain.user.UserServiceTest   : No active profile set, falling back to 1 default profile: "default"
2024-01-22T23:26:17.710+09:00  INFO 1216 --- [    Test worker] .s.d.r.c.RepositoryConfigurationDelegate : Bootstrapping Spring Data JPA repositories in DEFAULT mode.
2024-01-22T23:26:17.735+09:00  INFO 1216 --- [    Test worker] .s.d.r.c.RepositoryConfigurationDelegate : Finished Spring Data repository scanning in 16 ms. Found 0 JPA repository interfaces.
2024-01-22T23:26:18.106+09:00  INFO 1216 --- [    Test worker] com.zaxxer.hikari.HikariDataSource       : HikariPool-1 - Starting...
2024-01-22T23:26:18.269+09:00  INFO 1216 --- [    Test worker] com.zaxxer.hikari.pool.HikariPool        : HikariPool-1 - Added connection com.mysql.cj.jdbc.ConnectionImpl@7a04f730
2024-01-22T23:26:18.271+09:00  INFO 1216 --- [    Test worker] com.zaxxer.hikari.HikariDataSource       : HikariPool-1 - Start completed.
2024-01-22T23:26:18.312+09:00  INFO 1216 --- [    Test worker] o.hibernate.jpa.internal.util.LogHelper  : HHH000204: Processing PersistenceUnitInfo [name: default]
2024-01-22T23:26:18.376+09:00  INFO 1216 --- [    Test worker] org.hibernate.Version                    : HHH000412: Hibernate ORM core version 6.4.1.Final
2024-01-22T23:26:18.416+09:00  INFO 1216 --- [    Test worker] o.h.c.internal.RegionFactoryInitiator    : HHH000026: Second-level cache disabled
2024-01-22T23:26:18.515+09:00 DEBUG 1216 --- [    Test worker] org.hibernate.type.BasicTypeRegistry     : Adding type registration boolean -> org.hibernate.type.BasicTypeReference@6a5dd083
2024-01-22T23:26:18.515+09:00 DEBUG 1216 --- [    Test worker] org.hibernate.type.BasicTypeRegistry     : Adding type registration boolean -> org.hibernate.type.BasicTypeReference@6a5dd083
2024-01-22T23:26:18.515+09:00 DEBUG 1216 --- [    Test worker] org.hibernate.type.BasicTypeRegistry     : Adding type registration java.lang.Boolean -> org.hibernate.type.BasicTypeReference@6a5dd083
2024-01-22T23:26:18.515+09:00 DEBUG 1216 --- [    Test worker] org.hibernate.type.BasicTypeRegistry     : Adding type registration numeric_boolean -> org.hibernate.type.BasicTypeReference@77663cd7
2024-01-22T23:26:18.515+09:00 DEBUG 1216 --- [    Test worker] org.hibernate.type.BasicTypeRegistry     : Adding type registration org.hibernate.type.NumericBooleanConverter -> org.hibernate.type.BasicTypeReference@77663cd7
2024-01-22T23:26:18.515+09:00 DEBUG 1216 --- [    Test worker] org.hibernate.type.BasicTypeRegistry     : Adding type registration true_false -> org.hibernate.type.BasicTypeReference@1d17423f
2024-01-22T23:26:18.515+09:00 DEBUG 1216 --- [    Test worker] org.hibernate.type.BasicTypeRegistry     : Adding type registration org.hibernate.type.TrueFalseConverter -> org.hibernate.type.BasicTypeReference@1d17423f
2024-01-22T23:26:18.516+09:00 DEBUG 1216 --- [    Test worker] org.hibernate.type.BasicTypeRegistry     : Adding type registration yes_no -> org.hibernate.type.BasicTypeReference@5c70d7f0
2024-01-22T23:26:18.516+09:00 DEBUG 1216 --- [    Test worker] org.hibernate.type.BasicTypeRegistry     : Adding type registration org.hibernate.type.YesNoConverter -> org.hibernate.type.BasicTypeReference@5c70d7f0
2024-01-22T23:26:18.516+09:00 DEBUG 1216 --- [    Test worker] org.hibernate.type.BasicTypeRegistry     : Adding type registration byte -> org.hibernate.type.BasicTypeReference@582dcd35
2024-01-22T23:26:18.516+09:00 DEBUG 1216 --- [    Test worker] org.hibernate.type.BasicTypeRegistry     : Adding type registration byte -> org.hibernate.type.BasicTypeReference@582dcd35
2024-01-22T23:26:18.516+09:00 DEBUG 1216 --- [    Test worker] org.hibernate.type.BasicTypeRegistry     : Adding type registration java.lang.Byte -> org.hibernate.type.BasicTypeReference@582dcd35
2024-01-22T23:26:18.516+09:00 DEBUG 1216 --- [    Test worker] org.hibernate.type.BasicTypeRegistry     : Adding type registration binary -> org.hibernate.type.BasicTypeReference@1e6bd263
2024-01-22T23:26:18.516+09:00 DEBUG 1216 --- [    Test worker] org.hibernate.type.BasicTypeRegistry     : Adding type registration byte[] -> org.hibernate.type.BasicTypeReference@1e6bd263
2024-01-22T23:26:18.517+09:00 DEBUG 1216 --- [    Test worker] org.hibernate.type.BasicTypeRegistry     : Adding type registration [B -> org.hibernate.type.BasicTypeReference@1e6bd263
2024-01-22T23:26:18.517+09:00 DEBUG 1216 --- [    Test worker] org.hibernate.type.BasicTypeRegistry     : Adding type registration binary_wrapper -> org.hibernate.type.BasicTypeReference@55adcf9e
2024-01-22T23:26:18.517+09:00 DEBUG 1216 --- [    Test worker] org.hibernate.type.BasicTypeRegistry     : Adding type registration wrapper-binary -> org.hibernate.type.BasicTypeReference@55adcf9e
2024-01-22T23:26:18.517+09:00 DEBUG 1216 --- [    Test worker] org.hibernate.type.BasicTypeRegistry     : Adding type registration image -> org.hibernate.type.BasicTypeReference@1515f782
2024-01-22T23:26:18.517+09:00 DEBUG 1216 --- [    Test worker] org.hibernate.type.BasicTypeRegistry     : Adding type registration blob -> org.hibernate.type.BasicTypeReference@7f5ce33e
2024-01-22T23:26:18.517+09:00 DEBUG 1216 --- [    Test worker] org.hibernate.type.BasicTypeRegistry     : Adding type registration java.sql.Blob -> org.hibernate.type.BasicTypeReference@7f5ce33e
2024-01-22T23:26:18.517+09:00 DEBUG 1216 --- [    Test worker] org.hibernate.type.BasicTypeRegistry     : Adding type registration materialized_blob -> org.hibernate.type.BasicTypeReference@638afcaa
2024-01-22T23:26:18.517+09:00 DEBUG 1216 --- [    Test worker] org.hibernate.type.BasicTypeRegistry     : Adding type registration materialized_blob_wrapper -> org.hibernate.type.BasicTypeReference@58601e7a
2024-01-22T23:26:18.517+09:00 DEBUG 1216 --- [    Test worker] org.hibernate.type.BasicTypeRegistry     : Adding type registration short -> org.hibernate.type.BasicTypeReference@62735b13
2024-01-22T23:26:18.518+09:00 DEBUG 1216 --- [    Test worker] org.hibernate.type.BasicTypeRegistry     : Adding type registration short -> org.hibernate.type.BasicTypeReference@62735b13
2024-01-22T23:26:18.518+09:00 DEBUG 1216 --- [    Test worker] org.hibernate.type.BasicTypeRegistry     : Adding type registration java.lang.Short -> org.hibernate.type.BasicTypeReference@62735b13
2024-01-22T23:26:18.518+09:00 DEBUG 1216 --- [    Test worker] org.hibernate.type.BasicTypeRegistry     : Adding type registration integer -> org.hibernate.type.BasicTypeReference@7aae1170
2024-01-22T23:26:18.518+09:00 DEBUG 1216 --- [    Test worker] org.hibernate.type.BasicTypeRegistry     : Adding type registration int -> org.hibernate.type.BasicTypeReference@7aae1170
2024-01-22T23:26:18.518+09:00 DEBUG 1216 --- [    Test worker] org.hibernate.type.BasicTypeRegistry     : Adding type registration java.lang.Integer -> org.hibernate.type.BasicTypeReference@7aae1170
2024-01-22T23:26:18.518+09:00 DEBUG 1216 --- [    Test worker] org.hibernate.type.BasicTypeRegistry     : Adding type registration long -> org.hibernate.type.BasicTypeReference@4ef5dd23
2024-01-22T23:26:18.518+09:00 DEBUG 1216 --- [    Test worker] org.hibernate.type.BasicTypeRegistry     : Adding type registration long -> org.hibernate.type.BasicTypeReference@4ef5dd23
2024-01-22T23:26:18.518+09:00 DEBUG 1216 --- [    Test worker] org.hibernate.type.BasicTypeRegistry     : Adding type registration java.lang.Long -> org.hibernate.type.BasicTypeReference@4ef5dd23
2024-01-22T23:26:18.518+09:00 DEBUG 1216 --- [    Test worker] org.hibernate.type.BasicTypeRegistry     : Adding type registration float -> org.hibernate.type.BasicTypeReference@163e8949
2024-01-22T23:26:18.519+09:00 DEBUG 1216 --- [    Test worker] org.hibernate.type.BasicTypeRegistry     : Adding type registration float -> org.hibernate.type.BasicTypeReference@163e8949
2024-01-22T23:26:18.519+09:00 DEBUG 1216 --- [    Test worker] org.hibernate.type.BasicTypeRegistry     : Adding type registration java.lang.Float -> org.hibernate.type.BasicTypeReference@163e8949
2024-01-22T23:26:18.519+09:00 DEBUG 1216 --- [    Test worker] org.hibernate.type.BasicTypeRegistry     : Adding type registration double -> org.hibernate.type.BasicTypeReference@6eede35e
2024-01-22T23:26:18.519+09:00 DEBUG 1216 --- [    Test worker] org.hibernate.type.BasicTypeRegistry     : Adding type registration double -> org.hibernate.type.BasicTypeReference@6eede35e
2024-01-22T23:26:18.519+09:00 DEBUG 1216 --- [    Test worker] org.hibernate.type.BasicTypeRegistry     : Adding type registration java.lang.Double -> org.hibernate.type.BasicTypeReference@6eede35e
2024-01-22T23:26:18.520+09:00 DEBUG 1216 --- [    Test worker] org.hibernate.type.BasicTypeRegistry     : Adding type registration big_integer -> org.hibernate.type.BasicTypeReference@64c25a62
2024-01-22T23:26:18.520+09:00 DEBUG 1216 --- [    Test worker] org.hibernate.type.BasicTypeRegistry     : Adding type registration java.math.BigInteger -> org.hibernate.type.BasicTypeReference@64c25a62
2024-01-22T23:26:18.520+09:00 DEBUG 1216 --- [    Test worker] org.hibernate.type.BasicTypeRegistry     : Adding type registration big_decimal -> org.hibernate.type.BasicTypeReference@43e8f1c
2024-01-22T23:26:18.520+09:00 DEBUG 1216 --- [    Test worker] org.hibernate.type.BasicTypeRegistry     : Adding type registration java.math.BigDecimal -> org.hibernate.type.BasicTypeReference@43e8f1c
2024-01-22T23:26:18.520+09:00 DEBUG 1216 --- [    Test worker] org.hibernate.type.BasicTypeRegistry     : Adding type registration character -> org.hibernate.type.BasicTypeReference@66a82a13
2024-01-22T23:26:18.520+09:00 DEBUG 1216 --- [    Test worker] org.hibernate.type.BasicTypeRegistry     : Adding type registration char -> org.hibernate.type.BasicTypeReference@66a82a13
2024-01-22T23:26:18.521+09:00 DEBUG 1216 --- [    Test worker] org.hibernate.type.BasicTypeRegistry     : Adding type registration java.lang.Character -> org.hibernate.type.BasicTypeReference@66a82a13
2024-01-22T23:26:18.521+09:00 DEBUG 1216 --- [    Test worker] org.hibernate.type.BasicTypeRegistry     : Adding type registration character_nchar -> org.hibernate.type.BasicTypeReference@675ec28b
2024-01-22T23:26:18.521+09:00 DEBUG 1216 --- [    Test worker] org.hibernate.type.BasicTypeRegistry     : Adding type registration string -> org.hibernate.type.BasicTypeReference@11399548
2024-01-22T23:26:18.521+09:00 DEBUG 1216 --- [    Test worker] org.hibernate.type.BasicTypeRegistry     : Adding type registration java.lang.String -> org.hibernate.type.BasicTypeReference@11399548
2024-01-22T23:26:18.521+09:00 DEBUG 1216 --- [    Test worker] org.hibernate.type.BasicTypeRegistry     : Adding type registration nstring -> org.hibernate.type.BasicTypeReference@610fbe1c
2024-01-22T23:26:18.521+09:00 DEBUG 1216 --- [    Test worker] org.hibernate.type.BasicTypeRegistry     : Adding type registration characters -> org.hibernate.type.BasicTypeReference@46d0f89c
2024-01-22T23:26:18.521+09:00 DEBUG 1216 --- [    Test worker] org.hibernate.type.BasicTypeRegistry     : Adding type registration char[] -> org.hibernate.type.BasicTypeReference@46d0f89c
2024-01-22T23:26:18.521+09:00 DEBUG 1216 --- [    Test worker] org.hibernate.type.BasicTypeRegistry     : Adding type registration [C -> org.hibernate.type.BasicTypeReference@46d0f89c
2024-01-22T23:26:18.521+09:00 DEBUG 1216 --- [    Test worker] org.hibernate.type.BasicTypeRegistry     : Adding type registration wrapper-characters -> org.hibernate.type.BasicTypeReference@570b2057
2024-01-22T23:26:18.522+09:00 DEBUG 1216 --- [    Test worker] org.hibernate.type.BasicTypeRegistry     : Adding type registration text -> org.hibernate.type.BasicTypeReference@a457c2b
2024-01-22T23:26:18.522+09:00 DEBUG 1216 --- [    Test worker] org.hibernate.type.BasicTypeRegistry     : Adding type registration ntext -> org.hibernate.type.BasicTypeReference@16a6dc21
2024-01-22T23:26:18.522+09:00 DEBUG 1216 --- [    Test worker] org.hibernate.type.BasicTypeRegistry     : Adding type registration clob -> org.hibernate.type.BasicTypeReference@5773d271
2024-01-22T23:26:18.522+09:00 DEBUG 1216 --- [    Test worker] org.hibernate.type.BasicTypeRegistry     : Adding type registration java.sql.Clob -> org.hibernate.type.BasicTypeReference@5773d271
2024-01-22T23:26:18.522+09:00 DEBUG 1216 --- [    Test worker] org.hibernate.type.BasicTypeRegistry     : Adding type registration nclob -> org.hibernate.type.BasicTypeReference@59f45950
2024-01-22T23:26:18.522+09:00 DEBUG 1216 --- [    Test worker] org.hibernate.type.BasicTypeRegistry     : Adding type registration java.sql.NClob -> org.hibernate.type.BasicTypeReference@59f45950
2024-01-22T23:26:18.522+09:00 DEBUG 1216 --- [    Test worker] org.hibernate.type.BasicTypeRegistry     : Adding type registration materialized_clob -> org.hibernate.type.BasicTypeReference@7871d261
2024-01-22T23:26:18.522+09:00 DEBUG 1216 --- [    Test worker] org.hibernate.type.BasicTypeRegistry     : Adding type registration materialized_clob_char_array -> org.hibernate.type.BasicTypeReference@58164e9a
2024-01-22T23:26:18.523+09:00 DEBUG 1216 --- [    Test worker] org.hibernate.type.BasicTypeRegistry     : Adding type registration materialized_clob_character_array -> org.hibernate.type.BasicTypeReference@11bfffb3
2024-01-22T23:26:18.523+09:00 DEBUG 1216 --- [    Test worker] org.hibernate.type.BasicTypeRegistry     : Adding type registration materialized_nclob -> org.hibernate.type.BasicTypeReference@6a7a1a0d
2024-01-22T23:26:18.523+09:00 DEBUG 1216 --- [    Test worker] org.hibernate.type.BasicTypeRegistry     : Adding type registration materialized_nclob_character_array -> org.hibernate.type.BasicTypeReference@1c6e3ff9
2024-01-22T23:26:18.523+09:00 DEBUG 1216 --- [    Test worker] org.hibernate.type.BasicTypeRegistry     : Adding type registration materialized_nclob_char_array -> org.hibernate.type.BasicTypeReference@76e6c070
2024-01-22T23:26:18.523+09:00 DEBUG 1216 --- [    Test worker] org.hibernate.type.BasicTypeRegistry     : Adding type registration Duration -> org.hibernate.type.BasicTypeReference@184afb78
2024-01-22T23:26:18.523+09:00 DEBUG 1216 --- [    Test worker] org.hibernate.type.BasicTypeRegistry     : Adding type registration java.time.Duration -> org.hibernate.type.BasicTypeReference@184afb78
2024-01-22T23:26:18.523+09:00 DEBUG 1216 --- [    Test worker] org.hibernate.type.BasicTypeRegistry     : Adding type registration LocalDateTime -> org.hibernate.type.BasicTypeReference@22da200e
2024-01-22T23:26:18.524+09:00 DEBUG 1216 --- [    Test worker] org.hibernate.type.BasicTypeRegistry     : Adding type registration java.time.LocalDateTime -> org.hibernate.type.BasicTypeReference@22da200e
2024-01-22T23:26:18.524+09:00 DEBUG 1216 --- [    Test worker] org.hibernate.type.BasicTypeRegistry     : Adding type registration LocalDate -> org.hibernate.type.BasicTypeReference@4f26425b
2024-01-22T23:26:18.524+09:00 DEBUG 1216 --- [    Test worker] org.hibernate.type.BasicTypeRegistry     : Adding type registration java.time.LocalDate -> org.hibernate.type.BasicTypeReference@4f26425b
2024-01-22T23:26:18.524+09:00 DEBUG 1216 --- [    Test worker] org.hibernate.type.BasicTypeRegistry     : Adding type registration LocalTime -> org.hibernate.type.BasicTypeReference@f03ee8f
2024-01-22T23:26:18.524+09:00 DEBUG 1216 --- [    Test worker] org.hibernate.type.BasicTypeRegistry     : Adding type registration java.time.LocalTime -> org.hibernate.type.BasicTypeReference@f03ee8f
2024-01-22T23:26:18.524+09:00 DEBUG 1216 --- [    Test worker] org.hibernate.type.BasicTypeRegistry     : Adding type registration OffsetDateTime -> org.hibernate.type.BasicTypeReference@40dd552c
2024-01-22T23:26:18.524+09:00 DEBUG 1216 --- [    Test worker] org.hibernate.type.BasicTypeRegistry     : Adding type registration java.time.OffsetDateTime -> org.hibernate.type.BasicTypeReference@40dd552c
2024-01-22T23:26:18.524+09:00 DEBUG 1216 --- [    Test worker] org.hibernate.type.BasicTypeRegistry     : Adding type registration OffsetDateTimeWithTimezone -> org.hibernate.type.BasicTypeReference@33f4c769
2024-01-22T23:26:18.524+09:00 DEBUG 1216 --- [    Test worker] org.hibernate.type.BasicTypeRegistry     : Adding type registration OffsetDateTimeWithoutTimezone -> org.hibernate.type.BasicTypeReference@4ebd6fd6
2024-01-22T23:26:18.524+09:00 DEBUG 1216 --- [    Test worker] org.hibernate.type.BasicTypeRegistry     : Adding type registration OffsetTime -> org.hibernate.type.BasicTypeReference@5e5a8718
2024-01-22T23:26:18.525+09:00 DEBUG 1216 --- [    Test worker] org.hibernate.type.BasicTypeRegistry     : Adding type registration java.time.OffsetTime -> org.hibernate.type.BasicTypeReference@5e5a8718
2024-01-22T23:26:18.525+09:00 DEBUG 1216 --- [    Test worker] org.hibernate.type.BasicTypeRegistry     : Adding type registration OffsetTimeUtc -> org.hibernate.type.BasicTypeReference@7404ddca
2024-01-22T23:26:18.525+09:00 DEBUG 1216 --- [    Test worker] org.hibernate.type.BasicTypeRegistry     : Adding type registration OffsetTimeWithTimezone -> org.hibernate.type.BasicTypeReference@615e83ac
2024-01-22T23:26:18.525+09:00 DEBUG 1216 --- [    Test worker] org.hibernate.type.BasicTypeRegistry     : Adding type registration OffsetTimeWithoutTimezone -> org.hibernate.type.BasicTypeReference@4438938e
2024-01-22T23:26:18.525+09:00 DEBUG 1216 --- [    Test worker] org.hibernate.type.BasicTypeRegistry     : Adding type registration ZonedDateTime -> org.hibernate.type.BasicTypeReference@4e50ae56
2024-01-22T23:26:18.525+09:00 DEBUG 1216 --- [    Test worker] org.hibernate.type.BasicTypeRegistry     : Adding type registration java.time.ZonedDateTime -> org.hibernate.type.BasicTypeReference@4e50ae56
2024-01-22T23:26:18.525+09:00 DEBUG 1216 --- [    Test worker] org.hibernate.type.BasicTypeRegistry     : Adding type registration ZonedDateTimeWithTimezone -> org.hibernate.type.BasicTypeReference@1c68d0db
2024-01-22T23:26:18.525+09:00 DEBUG 1216 --- [    Test worker] org.hibernate.type.BasicTypeRegistry     : Adding type registration ZonedDateTimeWithoutTimezone -> org.hibernate.type.BasicTypeReference@9be7319
2024-01-22T23:26:18.525+09:00 DEBUG 1216 --- [    Test worker] org.hibernate.type.BasicTypeRegistry     : Adding type registration date -> org.hibernate.type.BasicTypeReference@91a2543
2024-01-22T23:26:18.525+09:00 DEBUG 1216 --- [    Test worker] org.hibernate.type.BasicTypeRegistry     : Adding type registration java.sql.Date -> org.hibernate.type.BasicTypeReference@91a2543
2024-01-22T23:26:18.525+09:00 DEBUG 1216 --- [    Test worker] org.hibernate.type.BasicTypeRegistry     : Adding type registration time -> org.hibernate.type.BasicTypeReference@42730828
2024-01-22T23:26:18.525+09:00 DEBUG 1216 --- [    Test worker] org.hibernate.type.BasicTypeRegistry     : Adding type registration java.sql.Time -> org.hibernate.type.BasicTypeReference@42730828
2024-01-22T23:26:18.525+09:00 DEBUG 1216 --- [    Test worker] org.hibernate.type.BasicTypeRegistry     : Adding type registration timestamp -> org.hibernate.type.BasicTypeReference@18c7f6b5
2024-01-22T23:26:18.526+09:00 DEBUG 1216 --- [    Test worker] org.hibernate.type.BasicTypeRegistry     : Adding type registration java.sql.Timestamp -> org.hibernate.type.BasicTypeReference@18c7f6b5
2024-01-22T23:26:18.526+09:00 DEBUG 1216 --- [    Test worker] org.hibernate.type.BasicTypeRegistry     : Adding type registration java.util.Date -> org.hibernate.type.BasicTypeReference@18c7f6b5
2024-01-22T23:26:18.526+09:00 DEBUG 1216 --- [    Test worker] org.hibernate.type.BasicTypeRegistry     : Adding type registration calendar -> org.hibernate.type.BasicTypeReference@629b780f
2024-01-22T23:26:18.526+09:00 DEBUG 1216 --- [    Test worker] org.hibernate.type.BasicTypeRegistry     : Adding type registration java.util.Calendar -> org.hibernate.type.BasicTypeReference@629b780f
2024-01-22T23:26:18.526+09:00 DEBUG 1216 --- [    Test worker] org.hibernate.type.BasicTypeRegistry     : Adding type registration java.util.GregorianCalendar -> org.hibernate.type.BasicTypeReference@629b780f
2024-01-22T23:26:18.526+09:00 DEBUG 1216 --- [    Test worker] org.hibernate.type.BasicTypeRegistry     : Adding type registration calendar_date -> org.hibernate.type.BasicTypeReference@3af36922
2024-01-22T23:26:18.526+09:00 DEBUG 1216 --- [    Test worker] org.hibernate.type.BasicTypeRegistry     : Adding type registration calendar_time -> org.hibernate.type.BasicTypeReference@609b041c
2024-01-22T23:26:18.526+09:00 DEBUG 1216 --- [    Test worker] org.hibernate.type.BasicTypeRegistry     : Adding type registration instant -> org.hibernate.type.BasicTypeReference@474e34e4
2024-01-22T23:26:18.526+09:00 DEBUG 1216 --- [    Test worker] org.hibernate.type.BasicTypeRegistry     : Adding type registration java.time.Instant -> org.hibernate.type.BasicTypeReference@474e34e4
2024-01-22T23:26:18.526+09:00 DEBUG 1216 --- [    Test worker] org.hibernate.type.BasicTypeRegistry     : Adding type registration uuid -> org.hibernate.type.BasicTypeReference@7e2c6702
2024-01-22T23:26:18.526+09:00 DEBUG 1216 --- [    Test worker] org.hibernate.type.BasicTypeRegistry     : Adding type registration java.util.UUID -> org.hibernate.type.BasicTypeReference@7e2c6702
2024-01-22T23:26:18.526+09:00 DEBUG 1216 --- [    Test worker] org.hibernate.type.BasicTypeRegistry     : Adding type registration pg-uuid -> org.hibernate.type.BasicTypeReference@7e2c6702
2024-01-22T23:26:18.526+09:00 DEBUG 1216 --- [    Test worker] org.hibernate.type.BasicTypeRegistry     : Adding type registration uuid-binary -> org.hibernate.type.BasicTypeReference@5fb7ab9c
2024-01-22T23:26:18.526+09:00 DEBUG 1216 --- [    Test worker] org.hibernate.type.BasicTypeRegistry     : Adding type registration uuid-char -> org.hibernate.type.BasicTypeReference@6734ff92
2024-01-22T23:26:18.527+09:00 DEBUG 1216 --- [    Test worker] org.hibernate.type.BasicTypeRegistry     : Adding type registration class -> org.hibernate.type.BasicTypeReference@51eb0e84
2024-01-22T23:26:18.527+09:00 DEBUG 1216 --- [    Test worker] org.hibernate.type.BasicTypeRegistry     : Adding type registration java.lang.Class -> org.hibernate.type.BasicTypeReference@51eb0e84
2024-01-22T23:26:18.527+09:00 DEBUG 1216 --- [    Test worker] org.hibernate.type.BasicTypeRegistry     : Adding type registration currency -> org.hibernate.type.BasicTypeReference@4ce267cc
2024-01-22T23:26:18.527+09:00 DEBUG 1216 --- [    Test worker] org.hibernate.type.BasicTypeRegistry     : Adding type registration Currency -> org.hibernate.type.BasicTypeReference@4ce267cc
2024-01-22T23:26:18.527+09:00 DEBUG 1216 --- [    Test worker] org.hibernate.type.BasicTypeRegistry     : Adding type registration java.util.Currency -> org.hibernate.type.BasicTypeReference@4ce267cc
2024-01-22T23:26:18.527+09:00 DEBUG 1216 --- [    Test worker] org.hibernate.type.BasicTypeRegistry     : Adding type registration locale -> org.hibernate.type.BasicTypeReference@2eebce87
2024-01-22T23:26:18.527+09:00 DEBUG 1216 --- [    Test worker] org.hibernate.type.BasicTypeRegistry     : Adding type registration java.util.Locale -> org.hibernate.type.BasicTypeReference@2eebce87
2024-01-22T23:26:18.527+09:00 DEBUG 1216 --- [    Test worker] org.hibernate.type.BasicTypeRegistry     : Adding type registration serializable -> org.hibernate.type.BasicTypeReference@6ee37ca7
2024-01-22T23:26:18.527+09:00 DEBUG 1216 --- [    Test worker] org.hibernate.type.BasicTypeRegistry     : Adding type registration java.io.Serializable -> org.hibernate.type.BasicTypeReference@6ee37ca7
2024-01-22T23:26:18.527+09:00 DEBUG 1216 --- [    Test worker] org.hibernate.type.BasicTypeRegistry     : Adding type registration timezone -> org.hibernate.type.BasicTypeReference@6775c0d1
2024-01-22T23:26:18.528+09:00 DEBUG 1216 --- [    Test worker] org.hibernate.type.BasicTypeRegistry     : Adding type registration java.util.TimeZone -> org.hibernate.type.BasicTypeReference@6775c0d1
2024-01-22T23:26:18.528+09:00 DEBUG 1216 --- [    Test worker] org.hibernate.type.BasicTypeRegistry     : Adding type registration ZoneOffset -> org.hibernate.type.BasicTypeReference@38f617f4
2024-01-22T23:26:18.528+09:00 DEBUG 1216 --- [    Test worker] org.hibernate.type.BasicTypeRegistry     : Adding type registration java.time.ZoneOffset -> org.hibernate.type.BasicTypeReference@38f617f4
2024-01-22T23:26:18.528+09:00 DEBUG 1216 --- [    Test worker] org.hibernate.type.BasicTypeRegistry     : Adding type registration url -> org.hibernate.type.BasicTypeReference@4899799b
2024-01-22T23:26:18.528+09:00 DEBUG 1216 --- [    Test worker] org.hibernate.type.BasicTypeRegistry     : Adding type registration java.net.URL -> org.hibernate.type.BasicTypeReference@4899799b
2024-01-22T23:26:18.528+09:00 DEBUG 1216 --- [    Test worker] org.hibernate.type.BasicTypeRegistry     : Adding type registration vector -> org.hibernate.type.BasicTypeReference@3dea226b
2024-01-22T23:26:18.528+09:00 DEBUG 1216 --- [    Test worker] org.hibernate.type.BasicTypeRegistry     : Adding type registration row_version -> org.hibernate.type.BasicTypeReference@74500e4f
2024-01-22T23:26:18.532+09:00 DEBUG 1216 --- [    Test worker] org.hibernate.type.BasicTypeRegistry     : Adding type registration object -> org.hibernate.type.JavaObjectType@8f39224
2024-01-22T23:26:18.532+09:00 DEBUG 1216 --- [    Test worker] org.hibernate.type.BasicTypeRegistry     : Adding type registration java.lang.Object -> org.hibernate.type.JavaObjectType@8f39224
2024-01-22T23:26:18.533+09:00 DEBUG 1216 --- [    Test worker] org.hibernate.type.BasicTypeRegistry     : Adding type registration null -> org.hibernate.type.NullType@11c7a0b4
2024-01-22T23:26:18.533+09:00 DEBUG 1216 --- [    Test worker] org.hibernate.type.BasicTypeRegistry     : Adding type registration imm_date -> org.hibernate.type.BasicTypeReference@75ed125a
2024-01-22T23:26:18.533+09:00 DEBUG 1216 --- [    Test worker] org.hibernate.type.BasicTypeRegistry     : Adding type registration imm_time -> org.hibernate.type.BasicTypeReference@653a5967
2024-01-22T23:26:18.533+09:00 DEBUG 1216 --- [    Test worker] org.hibernate.type.BasicTypeRegistry     : Adding type registration imm_timestamp -> org.hibernate.type.BasicTypeReference@5a85b4e6
2024-01-22T23:26:18.534+09:00 DEBUG 1216 --- [    Test worker] org.hibernate.type.BasicTypeRegistry     : Adding type registration imm_calendar -> org.hibernate.type.BasicTypeReference@766b6d02
2024-01-22T23:26:18.534+09:00 DEBUG 1216 --- [    Test worker] org.hibernate.type.BasicTypeRegistry     : Adding type registration imm_calendar_date -> org.hibernate.type.BasicTypeReference@6b09ce57
2024-01-22T23:26:18.534+09:00 DEBUG 1216 --- [    Test worker] org.hibernate.type.BasicTypeRegistry     : Adding type registration imm_calendar_time -> org.hibernate.type.BasicTypeReference@5c4f4330
2024-01-22T23:26:18.534+09:00 DEBUG 1216 --- [    Test worker] org.hibernate.type.BasicTypeRegistry     : Adding type registration imm_binary -> org.hibernate.type.BasicTypeReference@2b9aeedb
2024-01-22T23:26:18.534+09:00 DEBUG 1216 --- [    Test worker] org.hibernate.type.BasicTypeRegistry     : Adding type registration imm_serializable -> org.hibernate.type.BasicTypeReference@63485d7
2024-01-22T23:26:18.682+09:00  INFO 1216 --- [    Test worker] o.s.o.j.p.SpringPersistenceUnitInfo      : No LoadTimeWeaver setup: ignoring JPA class transformer
2024-01-22T23:26:18.781+09:00 DEBUG 1216 --- [    Test worker] o.h.t.d.sql.spi.DdlTypeRegistry          : addDescriptor(12, org.hibernate.type.descriptor.sql.internal.CapacityDependentDdlType@3a6556b6) replaced previous registration(org.hibernate.type.descriptor.sql.internal.CapacityDependentDdlType@63bca84d)
2024-01-22T23:26:18.781+09:00 DEBUG 1216 --- [    Test worker] o.h.t.d.sql.spi.DdlTypeRegistry          : addDescriptor(-9, org.hibernate.type.descriptor.sql.internal.CapacityDependentDdlType@6141647f) replaced previous registration(org.hibernate.type.descriptor.sql.internal.CapacityDependentDdlType@6f6c8d45)
2024-01-22T23:26:18.782+09:00 DEBUG 1216 --- [    Test worker] o.h.t.d.sql.spi.DdlTypeRegistry          : addDescriptor(-3, org.hibernate.type.descriptor.sql.internal.CapacityDependentDdlType@7f2ca6f8) replaced previous registration(org.hibernate.type.descriptor.sql.internal.CapacityDependentDdlType@79d49790)
2024-01-22T23:26:18.782+09:00 DEBUG 1216 --- [    Test worker] o.h.t.d.sql.spi.DdlTypeRegistry          : addDescriptor(4003, org.hibernate.type.descriptor.sql.internal.DdlTypeImpl@13dc6649) replaced previous registration(org.hibernate.type.descriptor.sql.internal.DdlTypeImpl@1851c7d2)
2024-01-22T23:26:18.782+09:00 DEBUG 1216 --- [    Test worker] o.h.t.d.sql.spi.DdlTypeRegistry          : addDescriptor(4001, org.hibernate.type.descriptor.sql.internal.DdlTypeImpl@250a946) replaced previous registration(org.hibernate.type.descriptor.sql.internal.DdlTypeImpl@5fe5c68b)
2024-01-22T23:26:18.782+09:00 DEBUG 1216 --- [    Test worker] o.h.t.d.sql.spi.DdlTypeRegistry          : addDescriptor(4002, org.hibernate.type.descriptor.sql.internal.DdlTypeImpl@2ffb0d10) replaced previous registration(org.hibernate.type.descriptor.sql.internal.DdlTypeImpl@3982206a)
2024-01-22T23:26:18.782+09:00 DEBUG 1216 --- [    Test worker] o.h.t.d.sql.spi.DdlTypeRegistry          : addDescriptor(2004, org.hibernate.type.descriptor.sql.internal.CapacityDependentDdlType@3e9fb485) replaced previous registration(org.hibernate.type.descriptor.sql.internal.DdlTypeImpl@4f3fec43)
2024-01-22T23:26:18.782+09:00 DEBUG 1216 --- [    Test worker] o.h.t.d.sql.spi.DdlTypeRegistry          : addDescriptor(2005, org.hibernate.type.descriptor.sql.internal.CapacityDependentDdlType@38dbeb39) replaced previous registration(org.hibernate.type.descriptor.sql.internal.DdlTypeImpl@10f20d38)
2024-01-22T23:26:18.782+09:00 DEBUG 1216 --- [    Test worker] o.h.t.d.sql.spi.DdlTypeRegistry          : addDescriptor(2011, org.hibernate.type.descriptor.sql.internal.CapacityDependentDdlType@538aa83f) replaced previous registration(org.hibernate.type.descriptor.sql.internal.DdlTypeImpl@63e70bf9)
2024-01-22T23:26:18.784+09:00 DEBUG 1216 --- [    Test worker] o.h.t.d.jdbc.spi.JdbcTypeRegistry        : addDescriptor(NCharTypeDescriptor) replaced previous registration(CharTypeDescriptor)
2024-01-22T23:26:18.784+09:00 DEBUG 1216 --- [    Test worker] o.h.t.d.jdbc.spi.JdbcTypeRegistry        : addDescriptor(NVarcharTypeDescriptor) replaced previous registration(VarcharTypeDescriptor)
2024-01-22T23:26:18.784+09:00 DEBUG 1216 --- [    Test worker] o.h.t.d.jdbc.spi.JdbcTypeRegistry        : addDescriptor(LongNVarcharTypeDescriptor) replaced previous registration(LongVarcharTypeDescriptor)
2024-01-22T23:26:18.786+09:00 DEBUG 1216 --- [    Test worker] o.h.t.d.jdbc.spi.JdbcTypeRegistry        : addDescriptor(NClobTypeDescriptor(DEFAULT)) replaced previous registration(ClobTypeDescriptor(DEFAULT))
2024-01-22T23:26:18.786+09:00 DEBUG 1216 --- [    Test worker] o.h.t.d.jdbc.spi.JdbcTypeRegistry        : addDescriptor(2005, ClobTypeDescriptor(STREAM_BINDING)) replaced previous registration(ClobTypeDescriptor(DEFAULT))
2024-01-22T23:26:18.789+09:00 DEBUG 1216 --- [    Test worker] org.hibernate.type.BasicTypeRegistry     : Adding type registration null -> org.hibernate.type.NullType@177ddd24
2024-01-22T23:26:18.789+09:00 DEBUG 1216 --- [    Test worker] org.hibernate.type.BasicTypeRegistry     : Type registration key [null] overrode previous entry : `org.hibernate.type.NullType@11c7a0b4`
2024-01-22T23:26:18.793+09:00 DEBUG 1216 --- [    Test worker] org.hibernate.type.BasicTypeRegistry     : Adding type registration org.hibernate.type.DurationType -> basicType@1(java.time.Duration,2)
2024-01-22T23:26:18.793+09:00 DEBUG 1216 --- [    Test worker] org.hibernate.type.BasicTypeRegistry     : Adding type registration Duration -> basicType@1(java.time.Duration,2)
2024-01-22T23:26:18.793+09:00 DEBUG 1216 --- [    Test worker] org.hibernate.type.BasicTypeRegistry     : Adding type registration java.time.Duration -> basicType@1(java.time.Duration,2)
2024-01-22T23:26:18.796+09:00 DEBUG 1216 --- [    Test worker] org.hibernate.type.BasicTypeRegistry     : Adding type registration org.hibernate.type.OffsetDateTimeType -> basicType@2(java.time.OffsetDateTime,3003)
2024-01-22T23:26:18.796+09:00 DEBUG 1216 --- [    Test worker] org.hibernate.type.BasicTypeRegistry     : Adding type registration OffsetDateTime -> basicType@2(java.time.OffsetDateTime,3003)
2024-01-22T23:26:18.796+09:00 DEBUG 1216 --- [    Test worker] org.hibernate.type.BasicTypeRegistry     : Adding type registration java.time.OffsetDateTime -> basicType@2(java.time.OffsetDateTime,3003)
2024-01-22T23:26:18.796+09:00 DEBUG 1216 --- [    Test worker] org.hibernate.type.BasicTypeRegistry     : Adding type registration org.hibernate.type.ZonedDateTimeType -> basicType@3(java.time.ZonedDateTime,3003)
2024-01-22T23:26:18.796+09:00 DEBUG 1216 --- [    Test worker] org.hibernate.type.BasicTypeRegistry     : Adding type registration ZonedDateTime -> basicType@3(java.time.ZonedDateTime,3003)
2024-01-22T23:26:18.797+09:00 DEBUG 1216 --- [    Test worker] org.hibernate.type.BasicTypeRegistry     : Adding type registration java.time.ZonedDateTime -> basicType@3(java.time.ZonedDateTime,3003)
2024-01-22T23:26:18.798+09:00 DEBUG 1216 --- [    Test worker] org.hibernate.type.BasicTypeRegistry     : Adding type registration org.hibernate.type.OffsetTimeType -> basicType@4(java.time.OffsetTime,3007)
2024-01-22T23:26:18.798+09:00 DEBUG 1216 --- [    Test worker] org.hibernate.type.BasicTypeRegistry     : Adding type registration OffsetTime -> basicType@4(java.time.OffsetTime,3007)
2024-01-22T23:26:18.798+09:00 DEBUG 1216 --- [    Test worker] org.hibernate.type.BasicTypeRegistry     : Adding type registration java.time.OffsetTime -> basicType@4(java.time.OffsetTime,3007)
2024-01-22T23:26:18.800+09:00 DEBUG 1216 --- [    Test worker] o.h.type.spi.TypeConfiguration$Scope     : Scoping TypeConfiguration [org.hibernate.type.spi.TypeConfiguration@356341c9] to MetadataBuildingContext [org.hibernate.boot.internal.MetadataBuildingContextRootImpl@3a70575]
2024-01-22T23:26:19.684+09:00  INFO 1216 --- [    Test worker] o.h.e.t.j.p.i.JtaPlatformInitiator       : HHH000489: No JTA platform available (set 'hibernate.transaction.jta.platform' to enable JTA platform integration)
2024-01-22T23:26:19.684+09:00 DEBUG 1216 --- [    Test worker] o.h.type.spi.TypeConfiguration$Scope     : Scoping TypeConfiguration [org.hibernate.type.spi.TypeConfiguration@356341c9] to SessionFactoryImplementor [org.hibernate.internal.SessionFactoryImpl@5a45c218]
2024-01-22T23:26:19.687+09:00 TRACE 1216 --- [    Test worker] o.h.type.spi.TypeConfiguration$Scope     : Handling #sessionFactoryCreated from [org.hibernate.internal.SessionFactoryImpl@5a45c218] for TypeConfiguration
2024-01-22T23:26:19.687+09:00  INFO 1216 --- [    Test worker] j.LocalContainerEntityManagerFactoryBean : Initialized JPA EntityManagerFactory for persistence unit 'default'
2024-01-22T23:26:19.871+09:00  WARN 1216 --- [    Test worker] JpaBaseConfiguration$JpaWebConfiguration : spring.jpa.open-in-view is enabled by default. Therefore, database queries may be performed during view rendering. Explicitly configure spring.jpa.open-in-view to disable this warning
2024-01-22T23:26:20.230+09:00  INFO 1216 --- [    Test worker] c.ssafying.domain.user.UserServiceTest   : Started UserServiceTest in 3.379 seconds (process running for 4.54)
2024-01-22T23:26:21.062+09:00 DEBUG 1216 --- [    Test worker] org.hibernate.SQL                        : 
    select
        u1_0.user_id,
        u1_0.birthday,
        u1_0.campus_id,
        u1_0.create_at,
        u1_0.email,
        u1_0.generation,
        u1_0.intro,
        u1_0.is_major,
        u1_0.name,
        u1_0.nickname,
        u1_0.password,
        u1_0.phone_number,
        u1_0.profile_image_url,
        u1_0.status,
        u1_0.updated_at 
    from
        users u1_0 
    where
        u1_0.email=?
Hibernate: 
    select
        u1_0.user_id,
        u1_0.birthday,
        u1_0.campus_id,
        u1_0.create_at,
        u1_0.email,
        u1_0.generation,
        u1_0.intro,
        u1_0.is_major,
        u1_0.name,
        u1_0.nickname,
        u1_0.password,
        u1_0.phone_number,
        u1_0.profile_image_url,
        u1_0.status,
        u1_0.updated_at 
    from
        users u1_0 
    where
        u1_0.email=?
2024-01-22T23:26:21.079+09:00 DEBUG 1216 --- [    Test worker] org.hibernate.SQL                        : 
    select
        next_val as id_val 
    from
        users_seq for update
Hibernate: 
    select
        next_val as id_val 
    from
        users_seq for update
2024-01-22T23:26:21.080+09:00 DEBUG 1216 --- [    Test worker] org.hibernate.SQL                        : 
    update
        users_seq 
    set
        next_val= ? 
    where
        next_val=?
Hibernate: 
    update
        users_seq 
    set
        next_val= ? 
    where
        next_val=?
2024-01-22T23:26:21.113+09:00 DEBUG 1216 --- [    Test worker] org.hibernate.SQL                        : 
    insert 
    into
        users
        (birthday, campus_id, create_at, email, generation, intro, is_major, name, nickname, password, phone_number, profile_image_url, status, updated_at, user_id) 
    values
        (?, ?, ?, ?, ?, ?, ?, ?, ?, ?, ?, ?, ?, ?, ?)
Hibernate: 
    insert 
    into
        users
        (birthday, campus_id, create_at, email, generation, intro, is_major, name, nickname, password, phone_number, profile_image_url, status, updated_at, user_id) 
    values
        (?, ?, ?, ?, ?, ?, ?, ?, ?, ?, ?, ?, ?, ?, ?)
2024-01-22T23:26:21.122+09:00 DEBUG 1216 --- [    Test worker] org.hibernate.SQL                        : 
    select
        u1_0.user_id,
        u1_0.birthday,
        u1_0.campus_id,
        u1_0.create_at,
        u1_0.email,
        u1_0.generation,
        u1_0.intro,
        u1_0.is_major,
        u1_0.name,
        u1_0.nickname,
        u1_0.password,
        u1_0.phone_number,
        u1_0.profile_image_url,
        u1_0.status,
        u1_0.updated_at 
    from
        users u1_0 
    where
        u1_0.email=?
Hibernate: 
    select
        u1_0.user_id,
        u1_0.birthday,
        u1_0.campus_id,
        u1_0.create_at,
        u1_0.email,
        u1_0.generation,
        u1_0.intro,
        u1_0.is_major,
        u1_0.name,
        u1_0.nickname,
        u1_0.password,
        u1_0.phone_number,
        u1_0.profile_image_url,
        u1_0.status,
        u1_0.updated_at 
    from
        users u1_0 
    where
        u1_0.email=?
2024-01-22T23:26:21.147+09:00 DEBUG 1216 --- [    Test worker] org.hibernate.SQL                        : 
    select
        u1_0.user_id,
        u1_0.birthday,
        u1_0.campus_id,
        u1_0.create_at,
        u1_0.email,
        u1_0.generation,
        u1_0.intro,
        u1_0.is_major,
        u1_0.name,
        u1_0.nickname,
        u1_0.password,
        u1_0.phone_number,
        u1_0.profile_image_url,
        u1_0.status,
        u1_0.updated_at 
    from
        users u1_0 
    where
        u1_0.email=?
Hibernate: 
    select
        u1_0.user_id,
        u1_0.birthday,
        u1_0.campus_id,
        u1_0.create_at,
        u1_0.email,
        u1_0.generation,
        u1_0.intro,
        u1_0.is_major,
        u1_0.name,
        u1_0.nickname,
        u1_0.password,
        u1_0.phone_number,
        u1_0.profile_image_url,
        u1_0.status,
        u1_0.updated_at 
    from
        users u1_0 
    where
        u1_0.email=?
]]></system-out>
  <system-err><![CDATA[]]></system-err>
</testsuite>
